MoGo GTP log file.
time left: 120000 secs
time given for this move: 20.0 sec time
shishoCheck is called. Now we have 0 shishoLocations: and 0 attackShishoLocation

initiateNodeUrgencyForShisho at root node!
Self train initiation time: 0.000000
0.526394( 4%) ||   9396/ 10000(94%)( 2%)(29%/0.51) ||    69 |13 || D4 D5 E4 F5 F4 G4 C4 F3 C5 C6 ||SSP:D4 D5 E4 F4 F8 ||PSP:D4 D5 E4 F4 F8 
0.510898( 1%) ||  15140/ 20000(76%)(30%)(44%/0.53) ||   167 |15 || D4 D5 E4 C4 F5 F6 C3 G5 F4 G4 ||SSP:D4 D5 E4 F4 F8 ||PSP:D4 D5 E4 F4 F8 
0.510898( 9%) ||  15140/ 30000(50%)(96%)(44%/0.53) ||   255 |15 || D4 D5 E4 C4 F5 F6 C3 G5 F4 G4 ||SSP:D4 D5 E4 F4 F8 ||PSP:D4 D5 E4 F4 F8 
0.549209(13%) ||  24477/ 40000(61%)(62%)(39%/0.48) ||   364 |16 || D5 E6 E4 F4 E3 D6 C5 F3 F2 G2 ||SSP:D5 D4 E4 F4 F8 ||PSP:D5 D4 E4 F4 F8 
0.545515( 7%) ||  34417/ 50000(69%)(44%)(30%/0.48) ||   453 |16 || D5 E6 E4 F4 E3 D6 C5 F3 F2 G2 ||SSP:D5 D4 E4 E6 F4 ||PSP:D5 D4 E4 E6 F4 
0.539703( 4%) ||  44417/ 60000(74%)(34%)(37%/0.49) ||   548 |18 || D5 D4 E6 F5 C5 C4 F6 G6 G7 G5 ||SSP:D5 D4 E4 E6 F4 ||PSP:D5 D4 E4 E6 F4 
0.536615( 4%) ||  54363/ 70000(78%)(28%)(47%/0.49) ||   637 |19 || D5 D4 E6 F5 C5 F6 C4 E7 F2 E4 ||SSP:D5 D4 E4 E6 F4 ||PSP:D5 D4 E4 E6 F4 
0.541139(13%) ||  64222/ 80000(80%)(24%)(50%/0.48) ||   725 |22 || D5 D4 E6 F5 C5 F6 C4 E7 E2 E4 ||SSP:D5 D4 E4 F6 E6 ||PSP:D5 D4 E4 F6 E6 
0.542653(10%) ||  74062/ 90000(82%)(20%)(52%/0.48) ||   808 |22 || D5 D4 E6 F5 C5 F6 C4 E7 E2 E4 ||SSP:D5 D4 F6 E4 E6 ||PSP:D5 D4 F6 E4 E6 
0.547840(17%) ||  84061/100000(84%)(18%)(52%/0.47) ||   897 |22 || D5 D4 E6 F5 C5 F6 C4 E7 E2 E4 ||SSP:D5 D4 F6 E4 E6 ||PSP:D5 D4 F6 E4 E6 
0.548337(10%) ||  93935/110000(85%)(16%)(51%/0.47) ||  1002 |23 || D5 D4 E6 F5 C5 F6 C4 E7 E2 E4 ||SSP:D5 D4 F6 E4 D6 ||PSP:D5 D4 F6 E4 D6 
0.548857(11%) || 103894/120000(87%)(15%)(48%/0.47) ||  1085 |23 || D5 D4 E6 F5 C5 F6 C4 E7 G3 C3 ||SSP:D5 D4 F6 E4 D6 ||PSP:D5 D4 F6 E4 D6 
0.548683( 9%) || 113858/130000(88%)(13%)(44%/0.47) ||  1168 |23 || D5 D4 E6 F5 C5 F6 C4 E7 G3 C3 ||SSP:D5 D4 F6 D6 E4 ||PSP:D5 D4 F6 D6 E4 
0.548324( 9%) || 123841/140000(88%)(12%)(45%/0.47) ||  1239 |23 || D5 D4 E6 F5 C5 F6 C4 E7 G3 E3 ||SSP:D5 D4 F6 D6 E4 ||PSP:D5 D4 F6 D6 E4 
0.546921( 6%) || 133809/150000(89%)(11%)(50%/0.47) ||  1323 |23 || D5 D4 E6 F5 C5 F6 C4 E7 G3 E3 ||SSP:D5 D4 F6 D6 E4 ||PSP:D5 D4 F6 D6 E4 
0.547154(10%) || 143773/160000(90%)(11%)(52%/0.47) ||  1400 |23 || D5 D4 E6 F5 C5 F6 C4 E7 G3 E3 ||SSP:D5 D4 F6 D6 E4 ||PSP:D5 D4 F6 D6 E4 
0.546749( 8%) || 153767/170000(90%)(10%)(52%/0.47) ||  1525 |23 || D5 D4 E6 F5 C5 F6 C4 E7 G3 E3 ||SSP:D5 D4 F6 D6 E4 ||PSP:D5 D4 F6 D6 E4 
0.547295(11%) || 163705/180000(91%)( 9%)(54%/0.47) ||  1633 |23 || D5 D4 E6 F5 C5 F6 C4 E7 G3 E3 ||SSP:D5 D4 F6 D6 E4 ||PSP:D5 D4 F6 D6 E4 
0.546346( 6%) || 173705/190000(91%)( 9%)(51%/0.47) ||  1746 |23 || D5 D4 E6 F5 C5 F6 C4 E7 G3 E3 ||SSP:D5 D4 F6 D6 E4 ||PSP:D5 D4 F6 D6 E4 
0.547584(14%) || 183705/200000(92%)( 8%)(50%/0.46) ||  1842 |23 || D5 D4 E6 F5 C5 F6 C4 E7 G3 E3 ||SSP:D5 D4 F6 D6 E4 ||PSP:D5 D4 F6 D6 E4 
0.547797(10%) || 193705/210000(92%)( 8%)(51%/0.46) ||  1926 |23 || D5 D4 E6 F5 C5 F6 C4 E7 G3 E3 ||SSP:D5 D4 F6 D6 E4 ||PSP:D5 D4 F6 D6 E4 
0.548484(12%) || 203705/220000(93%)( 7%)(52%/0.46) ||  2020 |23 || D5 D4 E6 F5 C5 F6 C4 E7 G3 E3 ||SSP:D5 D4 F6 D6 E4 ||PSP:D5 D4 F6 D6 E4 
0.547128( 4%) || 213696/230000(93%)( 7%)(54%/0.46) ||  2118 |23 || D5 D4 E6 F5 C5 F6 C4 E7 G3 E3 ||SSP:D5 D4 F6 D6 E4 ||PSP:D5 D4 F6 D6 E4 
earlyCut : max1 214906; max2 15140; sum 231210  max1/sum 0.929480 ; max1/max2 14.193646 (hard 0)
0.547379(90%) || 214906/231210(93%)( 7%)(54%/0.46) ||  2131 |23 || D5 D4 E6 F5 C5 F6 C4 E7 G3 E3 ||SSP:D5 D4 F6 D6 E4 ||PSP:D5 D4 F6 D6 E4 
231210 simulations(average length:0) done, time used:   9.92 seconds.(23307.5 games/sec)

       A  B  C  D  E  F  G  H  J            A        B        C        D        E        F        G        H        J    
     +---------------------------+     +---------------------------------------------------------------------------------+
 9   | .  .  .  .  .  .  .  .  . |     |  2.4790   2.5165   2.5119   2.5193   2.5167   2.5121   2.5008   2.4916   2.4674 |
 8   | .  .  .  .  .  .  .  .  . |     |  2.5065   2.5356   2.5355   2.5364   2.5376   0.3878   2.5252   2.5246   2.4947 |
 7   | .  .  .  .  .  .  .  .  . |     |  2.5166   2.5349   2.5398   2.5391   0.0001   2.5378   2.5349   2.5229   2.4986 |
 6   | .  .  .  .  .  .  .  .  . |     |  2.5207   2.5412   2.5291   0.4715   0.4805   0.4758   2.5357   0.4286   2.5063 |
 5   | .  .  .  .  @  .  .  .  . |     |  2.5228   2.5333   2.5364   0.5474   2.0000   0.3704   2.5264   2.5355   2.5102 |  White to play
 4   | .  .  .  .  .  .  .  .  . |     |  2.5173   2.5313   0.2000   0.5109   0.4316   0.3333   0.4359   2.5347   2.5075 |  Black eaten stone(s): 0
 3   | .  .  .  .  .  .  .  .  . |     |  2.5070   2.5244   2.5424   2.5360   2.5384   2.5401   2.5317   2.5227   2.4989 |  White eaten stone(s): 0
 2   | .  .  .  .  .  .  .  .  . |     |  2.5057   2.5339   2.5278   2.5355   2.5438   2.5355   2.5237   2.5297   2.4968 |
 1   | .  .  .  .  .  .  .  .  . |     |  2.4647   2.5030   2.5078   2.5152   2.5167   2.5106   2.5015   2.4946   2.4515 |
     +---------------------------+     +---------------------------------------------------------------------------------+

       A  B  C  D  E  F  G  H  J         A  B  C  D  E  F  G  H  J 
     +---------------------------+     +---------------------------+
 9   | .  .  .  .  .  .  .  .  . |     | 0  0  0  0  0  0  0  0  0 |
 8   | .  .  .  .  .  .  .  .  . |     | 0  0  0  0  0  0  0  0  0 |
 7   | .  .  .  .  .  .  .  .  . |     | 0  0  0  0  0  0  0  0  0 |
 6   | .  .  .  .  .  .  .  .  . |     | 0  0  0  0  0  0  0  0  0 |  Move 2: D5 
 5   | .  .  . (O) @  .  .  .  . |     | 0  0  0  2  1  0  0  0  0 |  Black to play
 4   | .  .  .  .  .  .  .  .  . |     | 0  0  0  0  0  0  0  0  0 |  Black eaten stone(s): 0
 3   | .  .  .  .  .  .  .  .  . |     | 0  0  0  0  0  0  0  0  0 |  White eaten stone(s): 0
 2   | .  .  .  .  .  .  .  .  . |     | 0  0  0  0  0  0  0  0  0 |
 1   | .  .  .  .  .  .  .  .  . |     | 0  0  0  0  0  0  0  0  0 |
     +---------------------------+     +---------------------------+
D5 

       A  B  C  D  E  F  G  H  J         A  B  C  D  E  F  G  H  J 
     +---------------------------+     +---------------------------+
 9   | .  .  .  .  .  .  .  .  . |     | 0  0  0  0  0  0  0  0  0 |
 8   | .  .  .  .  .  .  .  .  . |     | 0  0  0  0  0  0  0  0  0 |
 7   | .  .  .  .  .  .  .  .  . |     | 0  0  0  0  0  0  0  0  0 |
 6   | .  .  .  .  .  .  .  .  . |     | 0  0  0  0  0  0  0  0  0 |  Move 1: E5 
 5   | .  .  .  .  @  .  .  .  . |     | 0  0  0  0  1  0  0  0  0 |  White to play
 4   | .  .  .  .  .  .  .  .  . |     | 0  0  0  0  0  0  0  0  0 |  Black eaten stone(s): 0
 3   | .  .  .  .  .  .  .  .  . |     | 0  0  0  0  0  0  0  0  0 |  White eaten stone(s): 0
 2   | .  .  .  .  .  .  .  .  . |     | 0  0  0  0  0  0  0  0  0 |
 1   | .  .  .  .  .  .  .  .  . |     | 0  0  0  0  0  0  0  0  0 |
     +---------------------------+     +---------------------------+

